app/build/outputs/logs/manifest-merger-debug-report.txt
-- Merging decision tree log ---
action#fitcall.org.event.BACKGROUND_FETCH
INJECTED from src\main\AndroidManifest.xml:27:17-82
	android:name
		INJECTED from src\main\AndroidManifest.xml
		ADDED from src\main\AndroidManifest.xml:27:25-79
manifest
ADDED from src\main\AndroidManifest.xml:2:1-36:12
INJECTED from src\main\AndroidManifest.xml:2:1-36:12
INJECTED from src\main\AndroidManifest.xml:2:1-36:12
INJECTED from src\main\AndroidManifest.xml:2:1-36:12
MERGED from [com.transistorsoft:tsbackgroundfetch:0.2.0] AndroidManifest.xml:2:1-30:12
MERGED from [:CordovaLib] AndroidManifest.xml:20:1-27:12
MERGED from [com.firebase:firebase-jobdispatcher:0.8.5] AndroidManifest.xml:17:1-42:12
MERGED from [com.android.support:support-compat:25.0.0] AndroidManifest.xml:17:1-27:12
INJECTED from src\main\AndroidManifest.xml:2:1-36:12
INJECTED from src\main\AndroidManifest.xml:2:1-36:12
INJECTED from src\main\AndroidManifest.xml:2:1-36:12
	package
		ADDED from src\main\AndroidManifest.xml:2:102-123
		INJECTED from src\main\AndroidManifest.xml
		INJECTED from src\main\AndroidManifest.xml
	android:versionName
		ADDED from src\main\AndroidManifest.xml:2:74-101
		INJECTED from src\main\AndroidManifest.xml
		INJECTED from src\main\AndroidManifest.xml
	android:hardwareAccelerated
		ADDED from src\main\AndroidManifest.xml:2:11-45
	xmlns:android
		ADDED from src\main\AndroidManifest.xml:2:124-182
	android:versionCode
		ADDED from src\main\AndroidManifest.xml:2:46-73
		INJECTED from src\main\AndroidManifest.xml
		INJECTED from src\main\AndroidManifest.xml
supports-screens
ADDED from src\main\AndroidManifest.xml:3:5-191
	android:largeScreens
		ADDED from src\main\AndroidManifest.xml:3:49-76
	android:smallScreens
		ADDED from src\main\AndroidManifest.xml:3:132-159
	android:normalScreens
		ADDED from src\main\AndroidManifest.xml:3:77-105
	android:xlargeScreens
		ADDED from src\main\AndroidManifest.xml:3:160-188
	android:resizeable
		ADDED from src\main\AndroidManifest.xml:3:106-131
	android:anyDensity
		ADDED from src\main\AndroidManifest.xml:3:23-48
uses-permission#android.permission.INTERNET
ADDED from src\main\AndroidManifest.xml:4:5-67
	android:name
		ADDED from src\main\AndroidManifest.xml:4:22-64
application
ADDED from src\main\AndroidManifest.xml:5:5-30:19
MERGED from [com.transistorsoft:tsbackgroundfetch:0.2.0] AndroidManifest.xml:14:5-28:19
MERGED from [com.transistorsoft:tsbackgroundfetch:0.2.0] AndroidManifest.xml:14:5-28:19
MERGED from [com.firebase:firebase-jobdispatcher:0.8.5] AndroidManifest.xml:26:5-40:19
MERGED from [com.firebase:firebase-jobdispatcher:0.8.5] AndroidManifest.xml:26:5-40:19
MERGED from [com.android.support:support-compat:25.0.0] AndroidManifest.xml:25:5-20
MERGED from [com.android.support:support-compat:25.0.0] AndroidManifest.xml:25:5-20
	android:supportsRtl
		ADDED from src\main\AndroidManifest.xml:5:114-140
	android:label
		ADDED from src\main\AndroidManifest.xml:5:81-113
	android:hardwareAccelerated
		ADDED from src\main\AndroidManifest.xml:5:18-52
	android:icon
		ADDED from src\main\AndroidManifest.xml:5:53-80
activity#fitcall.org.MainActivity
ADDED from src\main\AndroidManifest.xml:6:9-11:20
	android:label
		ADDED from src\main\AndroidManifest.xml:6:97-134
	android:launchMode
		ADDED from src\main\AndroidManifest.xml:6:135-165
	android:windowSoftInputMode
		ADDED from src\main\AndroidManifest.xml:6:257-299
	android:configChanges
		ADDED from src\main\AndroidManifest.xml:6:19-96
	android:theme
		ADDED from src\main\AndroidManifest.xml:6:194-256
	android:name
		ADDED from src\main\AndroidManifest.xml:6:166-193
intent-filter#android.intent.action.MAIN+android.intent.category.LAUNCHER
ADDED from src\main\AndroidManifest.xml:7:13-10:29
	android:label
		ADDED from src\main\AndroidManifest.xml:7:28-65
action#android.intent.action.MAIN
ADDED from src\main\AndroidManifest.xml:8:17-69
	android:name
		ADDED from src\main\AndroidManifest.xml:8:25-66
category#android.intent.category.LAUNCHER
ADDED from src\main\AndroidManifest.xml:9:17-77
	android:name
		ADDED from src\main\AndroidManifest.xml:9:27-74
service#com.dmarc.cordovacall.MyConnectionService
ADDED from src\main\AndroidManifest.xml:12:9-16:19
	android:permission
		ADDED from src\main\AndroidManifest.xml:12:75-146
	android:name
		ADDED from src\main\AndroidManifest.xml:12:18-74
intent-filter#android.telecom.ConnectionService
ADDED from src\main\AndroidManifest.xml:13:13-15:29
action#android.telecom.ConnectionService
ADDED from src\main\AndroidManifest.xml:14:17-76
	android:name
		ADDED from src\main\AndroidManifest.xml:14:25-73
service#jobs.background.basement
ADDED from src\main\AndroidManifest.xml:17:9-23:19
	android:exported
		ADDED from src\main\AndroidManifest.xml:18:13-37
	android:name
		ADDED from src\main\AndroidManifest.xml:19:13-52
intent-filter#com.firebase.jobdispatcher.ACTION_EXECUTE
ADDED from src\main\AndroidManifest.xml:20:13-22:29
action#com.firebase.jobdispatcher.ACTION_EXECUTE
ADDED from src\main\AndroidManifest.xml:21:17-83
	android:name
		ADDED from src\main\AndroidManifest.xml:21:25-81
service#com.transistorsoft.cordova.backgroundfetch.HeadlessJobService
ADDED from src\main\AndroidManifest.xml:24:9-178
	android:exported
		ADDED from src\main\AndroidManifest.xml:24:18-41
	android:permission
		ADDED from src\main\AndroidManifest.xml:24:119-175
	android:name
		ADDED from src\main\AndroidManifest.xml:24:42-118
receiver#com.transistorsoft.cordova.backgroundfetch.HeadlessBroadcastReceiver
ADDED from src\main\AndroidManifest.xml:25:9-29:20
	android:name
		ADDED from src\main\AndroidManifest.xml:25:19-102
intent-filter#fitcall.org.event.BACKGROUND_FETCH
ADDED from src\main\AndroidManifest.xml:26:13-28:29
uses-sdk
ADDED from src\main\AndroidManifest.xml:31:5-74
MERGED from [com.transistorsoft:tsbackgroundfetch:0.2.0] AndroidManifest.xml:7:5-9:41
MERGED from [com.transistorsoft:tsbackgroundfetch:0.2.0] AndroidManifest.xml:7:5-9:41
MERGED from [:CordovaLib] AndroidManifest.xml:25:5-44
MERGED from [:CordovaLib] AndroidManifest.xml:25:5-44
MERGED from [com.firebase:firebase-jobdispatcher:0.8.5] AndroidManifest.xml:22:5-24:41
MERGED from [com.firebase:firebase-jobdispatcher:0.8.5] AndroidManifest.xml:22:5-24:41
MERGED from [com.android.support:support-compat:25.0.0] AndroidManifest.xml:21:5-23:58
MERGED from [com.android.support:support-compat:25.0.0] AndroidManifest.xml:21:5-23:58
	tools:overrideLibrary
		ADDED from [com.android.support:support-compat:25.0.0] AndroidManifest.xml:23:9-55
	android:targetSdkVersion
		ADDED from src\main\AndroidManifest.xml:31:42-71
	android:minSdkVersion
		ADDED from src\main\AndroidManifest.xml:31:15-41
uses-permission#android.permission.BIND_TELECOM_CONNECTION_SERVICE
ADDED from src\main\AndroidManifest.xml:32:5-90
	android:name
		ADDED from src\main\AndroidManifest.xml:32:22-87
uses-permission#android.permission.CALL_PHONE
ADDED from src\main\AndroidManifest.xml:33:5-69
	android:name
		ADDED from src\main\AndroidManifest.xml:33:22-66
uses-permission#android.permission.MANAGE_OWN_CALLS
ADDED from src\main\AndroidManifest.xml:34:5-75
	android:name
		ADDED from src\main\AndroidManifest.xml:34:22-72
uses-permission#android.permission.RECEIVE_BOOT_COMPLETED
ADDED from [com.transistorsoft:tsbackgroundfetch:0.2.0] AndroidManifest.xml:11:5-81
	android:name
		ADDED from [com.transistorsoft:tsbackgroundfetch:0.2.0] AndroidManifest.xml:11:22-78
uses-permission#android.permission.GET_TASKS
ADDED from [com.transistorsoft:tsbackgroundfetch:0.2.0] AndroidManifest.xml:12:5-68
	android:name
		ADDED from [com.transistorsoft:tsbackgroundfetch:0.2.0] AndroidManifest.xml:12:22-65
receiver#com.transistorsoft.tsbackgroundfetch.FetchAlarmReceiver
ADDED from [com.transistorsoft:tsbackgroundfetch:0.2.0] AndroidManifest.xml:15:9-92
	android:name
		ADDED from [com.transistorsoft:tsbackgroundfetch:0.2.0] AndroidManifest.xml:15:19-89
service#com.transistorsoft.tsbackgroundfetch.FetchJobService
ADDED from [com.transistorsoft:tsbackgroundfetch:0.2.0] AndroidManifest.xml:17:9-20:72
	android:exported
		ADDED from [com.transistorsoft:tsbackgroundfetch:0.2.0] AndroidManifest.xml:19:13-36
	android:permission
		ADDED from [com.transistorsoft:tsbackgroundfetch:0.2.0] AndroidManifest.xml:20:13-69
	android:name
		ADDED from [com.transistorsoft:tsbackgroundfetch:0.2.0] AndroidManifest.xml:18:13-80
receiver#com.transistorsoft.tsbackgroundfetch.BootReceiver
ADDED from [com.transistorsoft:tsbackgroundfetch:0.2.0] AndroidManifest.xml:22:9-27:20
	android:name
		ADDED from [com.transistorsoft:tsbackgroundfetch:0.2.0] AndroidManifest.xml:22:19-83
intent-filter#android.intent.action.BOOT_COMPLETED+android.intent.action.MY_PACKAGE_REPLACED
ADDED from [com.transistorsoft:tsbackgroundfetch:0.2.0] AndroidManifest.xml:23:13-26:29
action#android.intent.action.BOOT_COMPLETED
ADDED from [com.transistorsoft:tsbackgroundfetch:0.2.0] AndroidManifest.xml:24:17-79
	android:name
		ADDED from [com.transistorsoft:tsbackgroundfetch:0.2.0] AndroidManifest.xml:24:25-76
action#android.intent.action.MY_PACKAGE_REPLACED
ADDED from [com.transistorsoft:tsbackgroundfetch:0.2.0] AndroidManifest.xml:25:17-84
	android:name
		ADDED from [com.transistorsoft:tsbackgroundfetch:0.2.0] AndroidManifest.xml:25:25-81
service#com.firebase.jobdispatcher.GooglePlayReceiver
ADDED from [com.firebase:firebase-jobdispatcher:0.8.5] AndroidManifest.xml:32:9-39:19
	android:exported
		ADDED from [com.firebase:firebase-jobdispatcher:0.8.5] AndroidManifest.xml:34:13-36
	android:permission
		ADDED from [com.firebase:firebase-jobdispatcher:0.8.5] AndroidManifest.xml:35:13-93
	android:name
		ADDED from [com.firebase:firebase-jobdispatcher:0.8.5] AndroidManifest.xml:33:13-73
intent-filter#com.google.android.gms.gcm.ACTION_TASK_READY
ADDED from [com.firebase:firebase-jobdispatcher:0.8.5] AndroidManifest.xml:36:13-38:29
action#com.google.android.gms.gcm.ACTION_TASK_READY
ADDED from [com.firebase:firebase-jobdispatcher:0.8.5] AndroidManifest.xml:37:17-87
	android:name
		ADDED from [com.firebase:firebase-jobdispatcher:0.8.5] AndroidManifest.xml:37:25-84